

Started GET "/" for 127.0.0.1 at 2013-05-01 20:31:54 +0500
Connecting to database specified by database.yml
Processing by WelcomeController#index as HTML
  Rendered welcome/index.html.erb within layouts/application (3.5ms)
Compiled jquery.js  (4ms)  (pid 2451)
Compiled jquery_ujs.js  (0ms)  (pid 2451)
Compiled application.js  (44ms)  (pid 2451)
  Rendered shared/_header.html.erb (0.4ms)
  Rendered shared/_menu.html.erb (1.5ms)
  Rendered shared/_footer.html.erb (1.0ms)
Completed 200 OK in 122ms (Views: 121.2ms | ActiveRecord: 0.0ms)


Started GET "/assets/application.css?body=1" for 127.0.0.1 at 2013-05-01 20:31:54 +0500
Served asset /application.css - 200 OK (5ms)


Started GET "/assets/contacts.css?body=1" for 127.0.0.1 at 2013-05-01 20:31:54 +0500
Served asset /contacts.css - 200 OK (7ms)


Started GET "/assets/scaffolds.css?body=1" for 127.0.0.1 at 2013-05-01 20:31:54 +0500
Served asset /scaffolds.css - 200 OK (2ms)


Started GET "/assets/styles.css?body=1" for 127.0.0.1 at 2013-05-01 20:31:54 +0500
Served asset /styles.css - 200 OK (2ms)


Started GET "/assets/custom.js?body=1" for 127.0.0.1 at 2013-05-01 20:31:54 +0500
Served asset /custom.js - 200 OK (1ms)


Started GET "/assets/superfish.js?body=1" for 127.0.0.1 at 2013-05-01 20:31:54 +0500
Served asset /superfish.js - 200 OK (3ms)


Started GET "/assets/slider.js?body=1" for 127.0.0.1 at 2013-05-01 20:31:54 +0500
Served asset /slider.js - 200 OK (2ms)


Started GET "/assets/application.js?body=1" for 127.0.0.1 at 2013-05-01 20:31:54 +0500
Served asset /application.js - 200 OK (8ms)


Started GET "/assets/jquery.js?body=1" for 127.0.0.1 at 2013-05-01 20:31:54 +0500
Served asset /jquery.js - 200 OK (29ms)


Started GET "/assets/jquery_ujs.js?body=1" for 127.0.0.1 at 2013-05-01 20:31:55 +0500
Served asset /jquery_ujs.js - 200 OK (3ms)


Started GET "/assets/iphone.png" for 127.0.0.1 at 2013-05-01 20:31:55 +0500
Served asset /iphone.png - 200 OK (1ms)


Started GET "/assets/image.jpg" for 127.0.0.1 at 2013-05-01 20:31:55 +0500
Served asset /image.jpg - 200 OK (2ms)


Started GET "/assets/google_android.png" for 127.0.0.1 at 2013-05-01 20:31:55 +0500
Served asset /google_android.png - 200 OK (2ms)


Started GET "/assets/shortcodes.jpg" for 127.0.0.1 at 2013-05-01 20:31:55 +0500
Served asset /shortcodes.jpg - 200 OK (1ms)


Started GET "/assets/Untitled-1.jpg" for 127.0.0.1 at 2013-05-01 20:31:55 +0500
Served asset /Untitled-1.jpg - 200 OK (6ms)


Started GET "/assets/frontpage-link.png" for 127.0.0.1 at 2013-05-01 20:31:55 +0500
Served asset /frontpage-link.png - 200 OK (1ms)


Started GET "/assets/background5-02.jpg" for 127.0.0.1 at 2013-05-01 20:31:55 +0500
Served asset /background5-02.jpg - 200 OK (5ms)


Started GET "/assets/slide-next.gif" for 127.0.0.1 at 2013-05-01 20:31:55 +0500
Served asset /slide-next.gif - 200 OK (1ms)


Started GET "/assets/slide-prev.gif" for 127.0.0.1 at 2013-05-01 20:31:55 +0500
Served asset /slide-prev.gif - 200 OK (1ms)


Started GET "/assets/topArrow.png" for 127.0.0.1 at 2013-05-01 20:31:55 +0500
Served asset /topArrow.png - 200 OK (1ms)


Started GET "/about" for 127.0.0.1 at 2013-05-01 20:32:11 +0500
Processing by WelcomeController#about as HTML
  Rendered welcome/about.html.erb within layouts/application (0.9ms)
  Rendered shared/_header.html.erb (0.0ms)
  Rendered shared/_menu.html.erb (0.9ms)
  Rendered shared/_footer.html.erb (0.6ms)
Completed 200 OK in 12ms (Views: 11.1ms | ActiveRecord: 0.0ms)


Started GET "/assets/application.css?body=1" for 127.0.0.1 at 2013-05-01 20:32:11 +0500
Served asset /application.css - 304 Not Modified (0ms)


Started GET "/assets/contacts.css?body=1" for 127.0.0.1 at 2013-05-01 20:32:11 +0500
Served asset /contacts.css - 304 Not Modified (0ms)


Started GET "/assets/jquery.js?body=1" for 127.0.0.1 at 2013-05-01 20:32:11 +0500
Served asset /jquery.js - 304 Not Modified (1ms)


Started GET "/assets/jquery_ujs.js?body=1" for 127.0.0.1 at 2013-05-01 20:32:11 +0500
Served asset /jquery_ujs.js - 304 Not Modified (0ms)


Started GET "/assets/styles.css?body=1" for 127.0.0.1 at 2013-05-01 20:32:11 +0500
Served asset /styles.css - 304 Not Modified (0ms)


Started GET "/assets/scaffolds.css?body=1" for 127.0.0.1 at 2013-05-01 20:32:11 +0500
Served asset /scaffolds.css - 304 Not Modified (0ms)


Started GET "/assets/custom.js?body=1" for 127.0.0.1 at 2013-05-01 20:32:11 +0500
Served asset /custom.js - 304 Not Modified (0ms)


Started GET "/assets/slider.js?body=1" for 127.0.0.1 at 2013-05-01 20:32:11 +0500
Served asset /slider.js - 304 Not Modified (0ms)


Started GET "/assets/application.js?body=1" for 127.0.0.1 at 2013-05-01 20:32:11 +0500
Served asset /application.js - 304 Not Modified (1ms)


Started GET "/assets/icon_team.gif" for 127.0.0.1 at 2013-05-01 20:32:11 +0500
Served asset /icon_team.gif - 200 OK (1ms)


Started GET "/assets/superfish.js?body=1" for 127.0.0.1 at 2013-05-01 20:32:11 +0500
Served asset /superfish.js - 304 Not Modified (0ms)


Started GET "/assets/icon_world.gif" for 127.0.0.1 at 2013-05-01 20:32:11 +0500
Served asset /icon_world.gif - 200 OK (1ms)


Started GET "/contacts/new" for 127.0.0.1 at 2013-05-01 20:32:17 +0500
Processing by ContactsController#new as HTML
Mysql2::Error: Table 'tech_places.contacts' doesn't exist: SHOW FULL FIELDS FROM `contacts`
Completed 500 Internal Server Error in 64ms

ActiveRecord::StatementInvalid (Mysql2::Error: Table 'tech_places.contacts' doesn't exist: SHOW FULL FIELDS FROM `contacts`):
  app/controllers/contacts_controller.rb:4:in `new'
  app/controllers/contacts_controller.rb:4:in `new'


  Rendered /home/tkxel/.rvm/gems/ruby-1.9.3-p392@se_habitat/gems/actionpack-3.2.8/lib/action_dispatch/middleware/templates/rescues/_trace.erb (1.3ms)
  Rendered /home/tkxel/.rvm/gems/ruby-1.9.3-p392@se_habitat/gems/actionpack-3.2.8/lib/action_dispatch/middleware/templates/rescues/_request_and_response.erb (1.0ms)
  Rendered /home/tkxel/.rvm/gems/ruby-1.9.3-p392@se_habitat/gems/actionpack-3.2.8/lib/action_dispatch/middleware/templates/rescues/diagnostics.erb within rescues/layout (8.4ms)
Connecting to database specified by database.yml
  [1m[36m (139.0ms)[0m  [1mCREATE TABLE `schema_migrations` (`version` varchar(255) NOT NULL) ENGINE=InnoDB[0m
  [1m[35m (311.5ms)[0m  CREATE UNIQUE INDEX `unique_schema_migrations` ON `schema_migrations` (`version`)
  [1m[36m (23.7ms)[0m  [1mSELECT `schema_migrations`.`version` FROM `schema_migrations` [0m
Migrating to CreateContacts (20130501113453)
Connecting to database specified by database.yml
  [1m[36m (140.3ms)[0m  [1mCREATE TABLE `schema_migrations` (`version` varchar(255) NOT NULL) ENGINE=InnoDB[0m
  [1m[35m (289.4ms)[0m  CREATE UNIQUE INDEX `unique_schema_migrations` ON `schema_migrations` (`version`)
  [1m[36m (3.1ms)[0m  [1mSELECT `schema_migrations`.`version` FROM `schema_migrations` [0m
Migrating to CreateContacts (20130501113453)


Started GET "/contacts" for 127.0.0.1 at 2013-05-01 20:39:12 +0500

ActionController::RoutingError (No route matches [GET] "/contacts"):
  actionpack (3.2.8) lib/action_dispatch/middleware/debug_exceptions.rb:21:in `call'
  actionpack (3.2.8) lib/action_dispatch/middleware/show_exceptions.rb:56:in `call'
  railties (3.2.8) lib/rails/rack/logger.rb:26:in `call_app'
  railties (3.2.8) lib/rails/rack/logger.rb:16:in `call'
  actionpack (3.2.8) lib/action_dispatch/middleware/request_id.rb:22:in `call'
  rack (1.4.5) lib/rack/methodoverride.rb:21:in `call'
  rack (1.4.5) lib/rack/runtime.rb:17:in `call'
  activesupport (3.2.8) lib/active_support/cache/strategy/local_cache.rb:72:in `call'
  rack (1.4.5) lib/rack/lock.rb:15:in `call'
  actionpack (3.2.8) lib/action_dispatch/middleware/static.rb:62:in `call'
  railties (3.2.8) lib/rails/engine.rb:479:in `call'
  railties (3.2.8) lib/rails/application.rb:223:in `call'
  rack (1.4.5) lib/rack/content_length.rb:14:in `call'
  railties (3.2.8) lib/rails/rack/log_tailer.rb:17:in `call'
  rack (1.4.5) lib/rack/handler/webrick.rb:59:in `service'
  /home/tkxel/.rvm/rubies/ruby-1.9.3-p392/lib/ruby/1.9.1/webrick/httpserver.rb:138:in `service'
  /home/tkxel/.rvm/rubies/ruby-1.9.3-p392/lib/ruby/1.9.1/webrick/httpserver.rb:94:in `run'
  /home/tkxel/.rvm/rubies/ruby-1.9.3-p392/lib/ruby/1.9.1/webrick/server.rb:191:in `block in start_thread'


  Rendered /home/tkxel/.rvm/gems/ruby-1.9.3-p392@se_habitat/gems/actionpack-3.2.8/lib/action_dispatch/middleware/templates/rescues/routing_error.erb within rescues/layout (1.0ms)


Started GET "/" for 127.0.0.1 at 2013-05-01 20:39:16 +0500
Processing by WelcomeController#index as HTML
  Rendered welcome/index.html.erb within layouts/application (0.7ms)
  Rendered shared/_header.html.erb (0.0ms)
  Rendered shared/_menu.html.erb (0.7ms)
  Rendered shared/_footer.html.erb (0.5ms)
Completed 200 OK in 10ms (Views: 9.5ms | ActiveRecord: 0.0ms)


Started GET "/assets/scaffolds.css?body=1" for 127.0.0.1 at 2013-05-01 20:39:16 +0500
Served asset /scaffolds.css - 304 Not Modified (0ms)


Started GET "/assets/styles.css?body=1" for 127.0.0.1 at 2013-05-01 20:39:16 +0500
Served asset /styles.css - 304 Not Modified (0ms)


Started GET "/assets/jquery_ujs.js?body=1" for 127.0.0.1 at 2013-05-01 20:39:16 +0500
Served asset /jquery_ujs.js - 304 Not Modified (0ms)


Started GET "/assets/contacts.css?body=1" for 127.0.0.1 at 2013-05-01 20:39:16 +0500
Served asset /contacts.css - 304 Not Modified (0ms)


Started GET "/assets/jquery.js?body=1" for 127.0.0.1 at 2013-05-01 20:39:16 +0500
Served asset /jquery.js - 304 Not Modified (6ms)


Started GET "/assets/application.css?body=1" for 127.0.0.1 at 2013-05-01 20:39:16 +0500
Served asset /application.css - 304 Not Modified (0ms)


Started GET "/assets/custom.js?body=1" for 127.0.0.1 at 2013-05-01 20:39:16 +0500
Served asset /custom.js - 304 Not Modified (0ms)


Started GET "/assets/slider.js?body=1" for 127.0.0.1 at 2013-05-01 20:39:16 +0500
Served asset /slider.js - 304 Not Modified (0ms)


Started GET "/assets/application.js?body=1" for 127.0.0.1 at 2013-05-01 20:39:16 +0500
Served asset /application.js - 304 Not Modified (1ms)


Started GET "/assets/superfish.js?body=1" for 127.0.0.1 at 2013-05-01 20:39:16 +0500
Served asset /superfish.js - 304 Not Modified (0ms)


Started GET "/contacts/new" for 127.0.0.1 at 2013-05-01 20:39:20 +0500
Processing by ContactsController#new as HTML
Mysql2::Error: Table 'tech_places.contacts' doesn't exist: SHOW FULL FIELDS FROM `contacts`
Completed 500 Internal Server Error in 2ms

ActiveRecord::StatementInvalid (Mysql2::Error: Table 'tech_places.contacts' doesn't exist: SHOW FULL FIELDS FROM `contacts`):
  app/controllers/contacts_controller.rb:4:in `new'
  app/controllers/contacts_controller.rb:4:in `new'


  Rendered /home/tkxel/.rvm/gems/ruby-1.9.3-p392@se_habitat/gems/actionpack-3.2.8/lib/action_dispatch/middleware/templates/rescues/_trace.erb (1.5ms)
  Rendered /home/tkxel/.rvm/gems/ruby-1.9.3-p392@se_habitat/gems/actionpack-3.2.8/lib/action_dispatch/middleware/templates/rescues/_request_and_response.erb (1.1ms)
  Rendered /home/tkxel/.rvm/gems/ruby-1.9.3-p392@se_habitat/gems/actionpack-3.2.8/lib/action_dispatch/middleware/templates/rescues/diagnostics.erb within rescues/layout (9.0ms)
Connecting to database specified by database.yml
  [1m[36m (164.6ms)[0m  [1mCREATE TABLE `schema_migrations` (`version` varchar(255) NOT NULL) ENGINE=InnoDB[0m
  [1m[35m (278.5ms)[0m  CREATE UNIQUE INDEX `unique_schema_migrations` ON `schema_migrations` (`version`)
  [1m[36m (1.7ms)[0m  [1mSELECT `schema_migrations`.`version` FROM `schema_migrations` [0m
Migrating to CreateContacts (20130501113453)
Connecting to database specified by database.yml
  [1m[36m (3.1ms)[0m  [1mSELECT `schema_migrations`.`version` FROM `schema_migrations` [0m
Migrating to CreateContacts (20130501113453)


Started GET "/" for 127.0.0.1 at 2013-05-01 21:58:32 +0500
Connecting to database specified by database.yml
Processing by WelcomeController#index as HTML
  Rendered welcome/index.html.erb within layouts/application (3.4ms)
Compiled contacts.css  (38ms)  (pid 4528)
Compiled scaffolds.css  (24ms)  (pid 4528)
Compiled styles.css  (0ms)  (pid 4528)
Compiled application.css  (71ms)  (pid 4528)
Compiled jquery.js  (2ms)  (pid 4528)
Compiled jquery_ujs.js  (0ms)  (pid 4528)
Compiled custom.js  (0ms)  (pid 4528)
Compiled slider.js  (0ms)  (pid 4528)
Compiled superfish.js  (0ms)  (pid 4528)
Compiled application.js  (44ms)  (pid 4528)
  Rendered shared/_header.html.erb (0.4ms)
  Rendered shared/_menu.html.erb (1.3ms)
  Rendered shared/_footer.html.erb (1.0ms)
Completed 200 OK in 184ms (Views: 183.9ms | ActiveRecord: 0.0ms)


Started GET "/assets/jquery_ujs.js?body=1" for 127.0.0.1 at 2013-05-01 21:58:33 +0500
Served asset /jquery_ujs.js - 304 Not Modified (9ms)


Started GET "/assets/jquery.js?body=1" for 127.0.0.1 at 2013-05-01 21:58:33 +0500
Served asset /jquery.js - 304 Not Modified (3ms)


Started GET "/assets/contacts.css?body=1" for 127.0.0.1 at 2013-05-01 21:58:33 +0500
Served asset /contacts.css - 304 Not Modified (2ms)


Started GET "/assets/custom.js?body=1" for 127.0.0.1 at 2013-05-01 21:58:33 +0500
Served asset /custom.js - 304 Not Modified (2ms)


Started GET "/assets/scaffolds.css?body=1" for 127.0.0.1 at 2013-05-01 21:58:33 +0500
Served asset /scaffolds.css - 304 Not Modified (2ms)


Started GET "/assets/slider.js?body=1" for 127.0.0.1 at 2013-05-01 21:58:33 +0500
Served asset /slider.js - 304 Not Modified (2ms)


Started GET "/assets/superfish.js?body=1" for 127.0.0.1 at 2013-05-01 21:58:33 +0500
Served asset /superfish.js - 304 Not Modified (2ms)


Started GET "/about" for 127.0.0.1 at 2013-05-01 21:58:43 +0500
Processing by WelcomeController#about as HTML
  Rendered welcome/about.html.erb within layouts/application (0.8ms)
  Rendered shared/_header.html.erb (0.0ms)
  Rendered shared/_menu.html.erb (0.8ms)
  Rendered shared/_footer.html.erb (0.5ms)
Completed 200 OK in 10ms (Views: 9.3ms | ActiveRecord: 0.0ms)


Started GET "/assets/jquery.js?body=1" for 127.0.0.1 at 2013-05-01 21:58:43 +0500
Served asset /jquery.js - 304 Not Modified (12ms)


Started GET "/assets/scaffolds.css?body=1" for 127.0.0.1 at 2013-05-01 21:58:43 +0500
Served asset /scaffolds.css - 304 Not Modified (0ms)


Started GET "/assets/jquery_ujs.js?body=1" for 127.0.0.1 at 2013-05-01 21:58:43 +0500
Served asset /jquery_ujs.js - 304 Not Modified (0ms)


Started GET "/assets/contacts.css?body=1" for 127.0.0.1 at 2013-05-01 21:58:43 +0500
Served asset /contacts.css - 304 Not Modified (0ms)


Started GET "/assets/custom.js?body=1" for 127.0.0.1 at 2013-05-01 21:58:43 +0500
Served asset /custom.js - 304 Not Modified (0ms)


Started GET "/assets/slider.js?body=1" for 127.0.0.1 at 2013-05-01 21:58:43 +0500
Served asset /slider.js - 304 Not Modified (0ms)


Started GET "/assets/superfish.js?body=1" for 127.0.0.1 at 2013-05-01 21:58:43 +0500
Served asset /superfish.js - 304 Not Modified (0ms)


Started GET "/contacts/new" for 127.0.0.1 at 2013-05-01 21:58:44 +0500
Processing by ContactsController#new as HTML
Mysql2::Error: Table 'tech_places.contacts' doesn't exist: SHOW FULL FIELDS FROM `contacts`
Completed 500 Internal Server Error in 43ms

ActiveRecord::StatementInvalid (Mysql2::Error: Table 'tech_places.contacts' doesn't exist: SHOW FULL FIELDS FROM `contacts`):
  app/controllers/contacts_controller.rb:4:in `new'
  app/controllers/contacts_controller.rb:4:in `new'


  Rendered /home/tkxel/.rvm/gems/ruby-1.9.3-p392@se_habitat/gems/actionpack-3.2.8/lib/action_dispatch/middleware/templates/rescues/_trace.erb (1.3ms)
  Rendered /home/tkxel/.rvm/gems/ruby-1.9.3-p392@se_habitat/gems/actionpack-3.2.8/lib/action_dispatch/middleware/templates/rescues/_request_and_response.erb (1.0ms)
  Rendered /home/tkxel/.rvm/gems/ruby-1.9.3-p392@se_habitat/gems/actionpack-3.2.8/lib/action_dispatch/middleware/templates/rescues/diagnostics.erb within rescues/layout (8.1ms)


Started GET "/contacts/new" for 127.0.0.1 at 2013-05-01 21:59:47 +0500
Processing by ContactsController#new as HTML
  Rendered contacts/new.html.erb within layouts/application (24.6ms)
Completed 500 Internal Server Error in 27ms

ActionView::Template::Error (undefined method `errors' for nil:NilClass):
    7: 
    8:   </script><![endif]-->
    9: 
    10:  <% if @contact.errors.any? %>
    11:      <div id="error_explanation" style="margin-left: 30%; margin-top: 20px;">
    12:        <h2><%= pluralize(@contact.errors.count, "error") %> prohibited this car from being saved:</h2>
    13: 
  app/views/contacts/new.html.erb:10:in `_app_views_contacts_new_html_erb__968494248543777340_69960761423860'


  Rendered /home/tkxel/.rvm/gems/ruby-1.9.3-p392@se_habitat/gems/actionpack-3.2.8/lib/action_dispatch/middleware/templates/rescues/_trace.erb (1.3ms)
  Rendered /home/tkxel/.rvm/gems/ruby-1.9.3-p392@se_habitat/gems/actionpack-3.2.8/lib/action_dispatch/middleware/templates/rescues/_request_and_response.erb (1.0ms)
  Rendered /home/tkxel/.rvm/gems/ruby-1.9.3-p392@se_habitat/gems/actionpack-3.2.8/lib/action_dispatch/middleware/templates/rescues/template_error.erb within rescues/layout (8.2ms)
Connecting to database specified by database.yml
  [1m[36m (3.1ms)[0m  [1mSELECT `schema_migrations`.`version` FROM `schema_migrations` [0m
Migrating to CreateContacts (20130501113453)
Connecting to database specified by database.yml
  [1m[36m (1.3ms)[0m  [1mSELECT `schema_migrations`.`version` FROM `schema_migrations` [0m
Migrating to CreateContacts (20130501113453)
  [1m[35m (143.1ms)[0m  CREATE TABLE `contacts` (`id` int(11) DEFAULT NULL auto_increment PRIMARY KEY, `name` varchar(255), `email` varchar(255), `body` text, `created_at` datetime NOT NULL, `updated_at` datetime NOT NULL) ENGINE=InnoDB
  [1m[36m (65.6ms)[0m  [1mINSERT INTO `schema_migrations` (`version`) VALUES ('20130501113453')[0m
  [1m[35m (0.3ms)[0m  SELECT `schema_migrations`.`version` FROM `schema_migrations` 


Started GET "/contacts/new" for 127.0.0.1 at 2013-05-01 22:05:29 +0500
Processing by ContactsController#new as HTML
  Rendered contacts/new.html.erb within layouts/application (0.5ms)
Completed 500 Internal Server Error in 3ms

ActionView::Template::Error (undefined method `errors' for nil:NilClass):
    7: 
    8:   </script><![endif]-->
    9: 
    10:  <% if @contact.errors.any? %>
    11:      <div id="error_explanation" style="margin-left: 30%; margin-top: 20px;">
    12:        <h2><%= pluralize(@contact.errors.count, "error") %> prohibited this car from being saved:</h2>
    13: 
  app/views/contacts/new.html.erb:10:in `_app_views_contacts_new_html_erb__968494248543777340_69960761423860'


  Rendered /home/tkxel/.rvm/gems/ruby-1.9.3-p392@se_habitat/gems/actionpack-3.2.8/lib/action_dispatch/middleware/templates/rescues/_trace.erb (1.3ms)
  Rendered /home/tkxel/.rvm/gems/ruby-1.9.3-p392@se_habitat/gems/actionpack-3.2.8/lib/action_dispatch/middleware/templates/rescues/_request_and_response.erb (1.0ms)
  Rendered /home/tkxel/.rvm/gems/ruby-1.9.3-p392@se_habitat/gems/actionpack-3.2.8/lib/action_dispatch/middleware/templates/rescues/template_error.erb within rescues/layout (8.3ms)


Started GET "/contacts/new" for 127.0.0.1 at 2013-05-01 22:05:30 +0500
Processing by ContactsController#new as HTML
  Rendered contacts/new.html.erb within layouts/application (0.6ms)
Completed 500 Internal Server Error in 2ms

ActionView::Template::Error (undefined method `errors' for nil:NilClass):
    7: 
    8:   </script><![endif]-->
    9: 
    10:  <% if @contact.errors.any? %>
    11:      <div id="error_explanation" style="margin-left: 30%; margin-top: 20px;">
    12:        <h2><%= pluralize(@contact.errors.count, "error") %> prohibited this car from being saved:</h2>
    13: 
  app/views/contacts/new.html.erb:10:in `_app_views_contacts_new_html_erb__968494248543777340_69960761423860'


  Rendered /home/tkxel/.rvm/gems/ruby-1.9.3-p392@se_habitat/gems/actionpack-3.2.8/lib/action_dispatch/middleware/templates/rescues/_trace.erb (1.5ms)
  Rendered /home/tkxel/.rvm/gems/ruby-1.9.3-p392@se_habitat/gems/actionpack-3.2.8/lib/action_dispatch/middleware/templates/rescues/_request_and_response.erb (1.1ms)
  Rendered /home/tkxel/.rvm/gems/ruby-1.9.3-p392@se_habitat/gems/actionpack-3.2.8/lib/action_dispatch/middleware/templates/rescues/template_error.erb within rescues/layout (8.7ms)


Started GET "/contacts/new" for 127.0.0.1 at 2013-05-01 22:05:40 +0500
Connecting to database specified by database.yml
Processing by ContactsController#new as HTML
  Rendered contacts/new.html.erb within layouts/application (25.6ms)
Completed 500 Internal Server Error in 54ms

ActionView::Template::Error (undefined method `errors' for nil:NilClass):
    7: 
    8:   </script><![endif]-->
    9: 
    10:  <% if @contact.errors.any? %>
    11:      <div id="error_explanation" style="margin-left: 30%; margin-top: 20px;">
    12:        <h2><%= pluralize(@contact.errors.count, "error") %> prohibited this car from being saved:</h2>
    13: 
  app/views/contacts/new.html.erb:10:in `_app_views_contacts_new_html_erb__2351880757791540842_69920594633580'


  Rendered /home/tkxel/.rvm/gems/ruby-1.9.3-p392@se_habitat/gems/actionpack-3.2.8/lib/action_dispatch/middleware/templates/rescues/_trace.erb (1.5ms)
  Rendered /home/tkxel/.rvm/gems/ruby-1.9.3-p392@se_habitat/gems/actionpack-3.2.8/lib/action_dispatch/middleware/templates/rescues/_request_and_response.erb (1.1ms)
  Rendered /home/tkxel/.rvm/gems/ruby-1.9.3-p392@se_habitat/gems/actionpack-3.2.8/lib/action_dispatch/middleware/templates/rescues/template_error.erb within rescues/layout (8.8ms)


Started GET "/contacts/new" for 127.0.0.1 at 2013-05-01 22:05:51 +0500
Processing by ContactsController#new as HTML
  Rendered contacts/new.html.erb within layouts/application (2.0ms)
  Rendered shared/_header.html.erb (0.3ms)
  Rendered shared/_menu.html.erb (1.3ms)
  Rendered shared/_footer.html.erb (1.0ms)
Completed 200 OK in 99ms (Views: 54.6ms | ActiveRecord: 1.1ms)


Started GET "/assets/jquery.js?body=1" for 127.0.0.1 at 2013-05-01 22:05:51 +0500
Served asset /jquery.js - 304 Not Modified (7ms)


Started GET "/assets/contacts.css?body=1" for 127.0.0.1 at 2013-05-01 22:05:51 +0500
Served asset /contacts.css - 304 Not Modified (3ms)


Started GET "/assets/jquery_ujs.js?body=1" for 127.0.0.1 at 2013-05-01 22:05:51 +0500
Served asset /jquery_ujs.js - 304 Not Modified (6ms)


Started GET "/assets/scaffolds.css?body=1" for 127.0.0.1 at 2013-05-01 22:05:51 +0500
Served asset /scaffolds.css - 304 Not Modified (4ms)


Started GET "/assets/custom.js?body=1" for 127.0.0.1 at 2013-05-01 22:05:51 +0500
Served asset /custom.js - 304 Not Modified (3ms)


Started GET "/assets/slider.js?body=1" for 127.0.0.1 at 2013-05-01 22:05:51 +0500
Served asset /slider.js - 304 Not Modified (3ms)


Started GET "/assets/superfish.js?body=1" for 127.0.0.1 at 2013-05-01 22:05:51 +0500
Served asset /superfish.js - 304 Not Modified (3ms)


Started POST "/contacts" for 127.0.0.1 at 2013-05-01 22:05:54 +0500
Processing by ContactsController#create as HTML
  Parameters: {"utf8"=>"✓", "authenticity_token"=>"Hf3hv14TnoxJAJK38LpU5ZWUmbj7et+hKpnELRHEfEY=", "contact"=>{"name"=>"", "email"=>"", "body"=>""}, "commit"=>"Now, I send, thanks!"}
  [1m[36m (0.1ms)[0m  [1mBEGIN[0m
  [1m[35m (0.2ms)[0m  ROLLBACK
  Rendered contacts/new.html.erb within layouts/application (4.2ms)
  Rendered shared/_header.html.erb (0.0ms)
  Rendered shared/_menu.html.erb (0.6ms)
  Rendered shared/_footer.html.erb (0.5ms)
Completed 200 OK in 23ms (Views: 14.3ms | ActiveRecord: 0.3ms)


Started GET "/assets/contacts.css?body=1" for 127.0.0.1 at 2013-05-01 22:05:54 +0500
Served asset /contacts.css - 304 Not Modified (0ms)


Started GET "/assets/scaffolds.css?body=1" for 127.0.0.1 at 2013-05-01 22:05:54 +0500
Served asset /scaffolds.css - 304 Not Modified (0ms)


Started GET "/assets/jquery.js?body=1" for 127.0.0.1 at 2013-05-01 22:05:54 +0500
Served asset /jquery.js - 304 Not Modified (11ms)


Started GET "/assets/slider.js?body=1" for 127.0.0.1 at 2013-05-01 22:05:54 +0500
Served asset /slider.js - 304 Not Modified (0ms)


Started GET "/assets/superfish.js?body=1" for 127.0.0.1 at 2013-05-01 22:05:54 +0500
Served asset /superfish.js - 304 Not Modified (0ms)


Started GET "/assets/custom.js?body=1" for 127.0.0.1 at 2013-05-01 22:05:54 +0500
Served asset /custom.js - 304 Not Modified (0ms)


Started GET "/assets/jquery_ujs.js?body=1" for 127.0.0.1 at 2013-05-01 22:05:54 +0500
Served asset /jquery_ujs.js - 304 Not Modified (0ms)


Started POST "/contacts" for 127.0.0.1 at 2013-05-01 22:06:07 +0500
Processing by ContactsController#create as HTML
  Parameters: {"utf8"=>"✓", "authenticity_token"=>"Hf3hv14TnoxJAJK38LpU5ZWUmbj7et+hKpnELRHEfEY=", "contact"=>{"name"=>"dgdfg", "email"=>"dfgdfg", "body"=>"fgdfgd"}, "commit"=>"Now, I send, thanks!"}
  [1m[36m (0.1ms)[0m  [1mBEGIN[0m
  [1m[35mSQL (1.6ms)[0m  INSERT INTO `contacts` (`body`, `created_at`, `email`, `name`, `updated_at`) VALUES ('fgdfgd', '2013-05-01 17:06:07', 'dfgdfg', 'dgdfg', '2013-05-01 17:06:07')
  [1m[36m (86.0ms)[0m  [1mCOMMIT[0m
Redirected to http://localhost:3000/index
Completed 302 Found in 100ms (ActiveRecord: 87.8ms)


Started GET "/index" for 127.0.0.1 at 2013-05-01 22:06:07 +0500
Processing by WelcomeController#index as HTML
  Rendered welcome/index.html.erb within layouts/application (1.3ms)
  Rendered shared/_header.html.erb (0.0ms)
  Rendered shared/_menu.html.erb (0.7ms)
  Rendered shared/_footer.html.erb (0.5ms)
Completed 200 OK in 11ms (Views: 10.8ms | ActiveRecord: 0.0ms)


Started GET "/assets/jquery_ujs.js?body=1" for 127.0.0.1 at 2013-05-01 22:06:07 +0500
Served asset /jquery_ujs.js - 304 Not Modified (3ms)


Started GET "/assets/jquery.js?body=1" for 127.0.0.1 at 2013-05-01 22:06:07 +0500
Served asset /jquery.js - 304 Not Modified (4ms)


Started GET "/assets/scaffolds.css?body=1" for 127.0.0.1 at 2013-05-01 22:06:07 +0500
Served asset /scaffolds.css - 304 Not Modified (0ms)


Started GET "/assets/contacts.css?body=1" for 127.0.0.1 at 2013-05-01 22:06:07 +0500
Served asset /contacts.css - 304 Not Modified (0ms)


Started GET "/assets/slider.js?body=1" for 127.0.0.1 at 2013-05-01 22:06:07 +0500
Served asset /slider.js - 304 Not Modified (0ms)


Started GET "/assets/custom.js?body=1" for 127.0.0.1 at 2013-05-01 22:06:07 +0500
Served asset /custom.js - 304 Not Modified (0ms)


Started GET "/assets/superfish.js?body=1" for 127.0.0.1 at 2013-05-01 22:06:07 +0500
Served asset /superfish.js - 304 Not Modified (0ms)
