Compiled jquery.js  (2ms)  (pid 3954)
Compiled jquery_ujs.js  (0ms)  (pid 3954)
Compiled custom.js  (0ms)  (pid 3954)
Compiled slider.js  (0ms)  (pid 3954)
Compiled superfish.js  (0ms)  (pid 3954)
Compiled application.js  (22ms)  (pid 3954)
Compiled contacts.css  (94ms)  (pid 3954)
Compiled scaffolds.css  (9ms)  (pid 3954)
Compiled styles.css  (0ms)  (pid 3954)
Compiled application.css  (115ms)  (pid 3954)
Compiled jquery.js  (1ms)  (pid 3954)
Compiled jquery_ujs.js  (0ms)  (pid 3954)
Compiled custom.js  (0ms)  (pid 3954)
Compiled slider.js  (0ms)  (pid 3954)
Compiled superfish.js  (0ms)  (pid 3954)
Compiled application.js  (41ms)  (pid 3954)
Compiled contacts.css  (30ms)  (pid 3954)
Compiled scaffolds.css  (9ms)  (pid 3954)
Compiled styles.css  (0ms)  (pid 3954)
Compiled application.css  (99ms)  (pid 3954)
Compiled jquery.js  (2ms)  (pid 4031)
Compiled jquery_ujs.js  (0ms)  (pid 4031)
Compiled custom.js  (0ms)  (pid 4031)
Compiled slider.js  (0ms)  (pid 4031)
Compiled superfish.js  (0ms)  (pid 4031)
Compiled application.js  (38ms)  (pid 4031)
Compiled contacts.css  (29ms)  (pid 4031)
Compiled scaffolds.css  (9ms)  (pid 4031)
Compiled styles.css  (0ms)  (pid 4031)
Compiled application.css  (50ms)  (pid 4031)
Compiled jquery.js  (2ms)  (pid 4031)
Compiled jquery_ujs.js  (0ms)  (pid 4031)
Compiled custom.js  (0ms)  (pid 4031)
Compiled slider.js  (0ms)  (pid 4031)
Compiled superfish.js  (0ms)  (pid 4031)
Compiled application.js  (39ms)  (pid 4031)
Compiled contacts.css  (29ms)  (pid 4031)
Compiled scaffolds.css  (9ms)  (pid 4031)
Compiled styles.css  (0ms)  (pid 4031)
Compiled application.css  (64ms)  (pid 4031)
Compiled jquery.js  (4ms)  (pid 4129)
Compiled jquery_ujs.js  (0ms)  (pid 4129)
Compiled custom.js  (0ms)  (pid 4129)
Compiled slider.js  (0ms)  (pid 4129)
Compiled superfish.js  (0ms)  (pid 4129)
Compiled application.js  (48ms)  (pid 4129)
Compiled contacts.css  (29ms)  (pid 4129)
Compiled scaffolds.css  (9ms)  (pid 4129)
Compiled styles.css  (0ms)  (pid 4129)
Compiled application.css  (51ms)  (pid 4129)
Compiled jquery.js  (2ms)  (pid 4129)
Compiled jquery_ujs.js  (0ms)  (pid 4129)
Compiled custom.js  (0ms)  (pid 4129)
Compiled slider.js  (0ms)  (pid 4129)
Compiled superfish.js  (0ms)  (pid 4129)
Compiled application.js  (39ms)  (pid 4129)
Compiled contacts.css  (29ms)  (pid 4129)
Compiled scaffolds.css  (9ms)  (pid 4129)
Compiled styles.css  (0ms)  (pid 4129)
Compiled application.css  (64ms)  (pid 4129)
Compiled jquery.js  (1ms)  (pid 4214)
Compiled jquery_ujs.js  (0ms)  (pid 4214)
Compiled custom.js  (0ms)  (pid 4214)
Compiled slider.js  (0ms)  (pid 4214)
Compiled superfish.js  (0ms)  (pid 4214)
Compiled application.js  (23ms)  (pid 4214)
Compiled contacts.css  (45ms)  (pid 4214)
Compiled scaffolds.css  (9ms)  (pid 4214)
Compiled styles.css  (0ms)  (pid 4214)
Compiled application.css  (66ms)  (pid 4214)
Compiled jquery.js  (2ms)  (pid 4214)
Compiled jquery_ujs.js  (0ms)  (pid 4214)
Compiled custom.js  (0ms)  (pid 4214)
Compiled slider.js  (0ms)  (pid 4214)
Compiled superfish.js  (0ms)  (pid 4214)
Compiled application.js  (40ms)  (pid 4214)
Compiled contacts.css  (29ms)  (pid 4214)
Compiled scaffolds.css  (9ms)  (pid 4214)
Compiled styles.css  (0ms)  (pid 4214)
Compiled application.css  (50ms)  (pid 4214)
Compiled jquery.js  (2ms)  (pid 4275)
Compiled jquery_ujs.js  (0ms)  (pid 4275)
Compiled custom.js  (0ms)  (pid 4275)
Compiled slider.js  (0ms)  (pid 4275)
Compiled superfish.js  (0ms)  (pid 4275)
Compiled application.js  (22ms)  (pid 4275)
Compiled contacts.css  (46ms)  (pid 4275)
Compiled scaffolds.css  (9ms)  (pid 4275)
Compiled styles.css  (0ms)  (pid 4275)
Compiled application.css  (67ms)  (pid 4275)
Compiled jquery.js  (2ms)  (pid 4275)
Compiled jquery_ujs.js  (0ms)  (pid 4275)
Compiled custom.js  (0ms)  (pid 4275)
Compiled slider.js  (0ms)  (pid 4275)
Compiled superfish.js  (0ms)  (pid 4275)
Compiled application.js  (39ms)  (pid 4275)
Compiled contacts.css  (29ms)  (pid 4275)
Compiled scaffolds.css  (9ms)  (pid 4275)
Compiled styles.css  (0ms)  (pid 4275)
Compiled application.css  (50ms)  (pid 4275)
